<?xml version="1.0" encoding="UTF-8"?>
<testsuite name="com.csc.TestOakTree" tests="2" skipped="0" failures="0" errors="0" timestamp="2024-12-02T17:47:53" hostname="Melissas-MacBook-Pro.local" time="0.008">
  <properties/>
  <testcase name="testGetRight()" classname="com.csc.TestOakTree" time="0.007"/>
  <testcase name="testGetLeft()" classname="com.csc.TestOakTree" time="0.0"/>
  <system-out><![CDATA[]]></system-out>
  <system-err><![CDATA[]]></system-err>
</testsuite>
